[1.282s] Invoking command in '/home/jetson/mydog_ros2_ws/build/mydog_policy': PYTHONPATH=/home/jetson/mydog_ros2_ws/build/mydog_policy/prefix_override:/usr/lib/python3/dist-packages/colcon_core/task/python/colcon_distutils_commands:/home/jetson/mydog_ros2_ws/install/mydog_policy/lib/python3.10/site-packages:${PYTHONPATH} /usr/bin/python3 -W ignore:setup.py install is deprecated -W ignore:easy_install command is deprecated setup.py develop --editable --build-directory /home/jetson/mydog_ros2_ws/build/mydog_policy/build --no-deps symlink_data
[1.801s] running develop
[2.207s] running egg_info
[2.207s] creating mydog_policy.egg-info
[2.207s] writing mydog_policy.egg-info/PKG-INFO
[2.208s] writing dependency_links to mydog_policy.egg-info/dependency_links.txt
[2.208s] writing entry points to mydog_policy.egg-info/entry_points.txt
[2.209s] writing requirements to mydog_policy.egg-info/requires.txt
[2.209s] writing top-level names to mydog_policy.egg-info/top_level.txt
[2.209s] writing manifest file 'mydog_policy.egg-info/SOURCES.txt'
[2.214s] reading manifest file 'mydog_policy.egg-info/SOURCES.txt'
[2.215s] writing manifest file 'mydog_policy.egg-info/SOURCES.txt'
[2.218s] running build_ext
[2.218s] Creating /home/jetson/mydog_ros2_ws/install/mydog_policy/lib/python3.10/site-packages/mydog-policy.egg-link (link to .)
[2.219s] Installing fanfan_cpg_vmc_v4_migration_node script to /home/jetson/mydog_ros2_ws/install/mydog_policy/lib/mydog_policy
[2.220s] Installing fanfan_cpg_vmc_v4_node script to /home/jetson/mydog_ros2_ws/install/mydog_policy/lib/mydog_policy
[2.220s] Installing fanfan_ik_gait_node script to /home/jetson/mydog_ros2_ws/install/mydog_policy/lib/mydog_policy
[2.220s] Installing fanfan_step_in_place_node script to /home/jetson/mydog_ros2_ws/install/mydog_policy/lib/mydog_policy
[2.220s] Installing mydog_joint_semantic_test_node script to /home/jetson/mydog_ros2_ws/install/mydog_policy/lib/mydog_policy
[2.220s] Installing mydog_openloop_gait_node script to /home/jetson/mydog_ros2_ws/install/mydog_policy/lib/mydog_policy
[2.221s] Installing mydog_policy_node script to /home/jetson/mydog_ros2_ws/install/mydog_policy/lib/mydog_policy
[2.221s] Installing mydog_soft_body_gait_node script to /home/jetson/mydog_ros2_ws/install/mydog_policy/lib/mydog_policy
[2.221s] Installing mydog_state_estimator_node script to /home/jetson/mydog_ros2_ws/install/mydog_policy/lib/mydog_policy
[2.221s] 
[2.221s] Installed /home/jetson/mydog_ros2_ws/build/mydog_policy
[2.221s] running symlink_data
[2.222s] creating /home/jetson/mydog_ros2_ws/install/mydog_policy/share/ament_index
[2.222s] creating /home/jetson/mydog_ros2_ws/install/mydog_policy/share/ament_index/resource_index
[2.222s] creating /home/jetson/mydog_ros2_ws/install/mydog_policy/share/ament_index/resource_index/packages
[2.222s] symbolically linking /home/jetson/mydog_ros2_ws/build/mydog_policy/resource/mydog_policy -> /home/jetson/mydog_ros2_ws/install/mydog_policy/share/ament_index/resource_index/packages
[2.222s] symbolically linking /home/jetson/mydog_ros2_ws/build/mydog_policy/package.xml -> /home/jetson/mydog_ros2_ws/install/mydog_policy/share/mydog_policy
[2.222s] creating /home/jetson/mydog_ros2_ws/install/mydog_policy/share/mydog_policy/launch
[2.223s] symbolically linking /home/jetson/mydog_ros2_ws/build/mydog_policy/launch/openloop_collect.launch.py -> /home/jetson/mydog_ros2_ws/install/mydog_policy/share/mydog_policy/launch
[2.223s] symbolically linking /home/jetson/mydog_ros2_ws/build/mydog_policy/launch/fanfan_ik_gait.launch.py -> /home/jetson/mydog_ros2_ws/install/mydog_policy/share/mydog_policy/launch
[2.223s] symbolically linking /home/jetson/mydog_ros2_ws/build/mydog_policy/launch/policy_walk.launch.py -> /home/jetson/mydog_ros2_ws/install/mydog_policy/share/mydog_policy/launch
[2.223s] symbolically linking /home/jetson/mydog_ros2_ws/build/mydog_policy/launch/fanfan_step_in_place.launch.py -> /home/jetson/mydog_ros2_ws/install/mydog_policy/share/mydog_policy/launch
[2.223s] symbolically linking /home/jetson/mydog_ros2_ws/build/mydog_policy/launch/soft_body_openloop.launch.py -> /home/jetson/mydog_ros2_ws/install/mydog_policy/share/mydog_policy/launch
[2.311s] Invoked command in '/home/jetson/mydog_ros2_ws/build/mydog_policy' returned '0': PYTHONPATH=/home/jetson/mydog_ros2_ws/build/mydog_policy/prefix_override:/usr/lib/python3/dist-packages/colcon_core/task/python/colcon_distutils_commands:/home/jetson/mydog_ros2_ws/install/mydog_policy/lib/python3.10/site-packages:${PYTHONPATH} /usr/bin/python3 -W ignore:setup.py install is deprecated -W ignore:easy_install command is deprecated setup.py develop --editable --build-directory /home/jetson/mydog_ros2_ws/build/mydog_policy/build --no-deps symlink_data
