[1.440s] Invoking command in '/home/jetson/mydog_ros2_ws/build/mydog_policy': PYTHONPATH=/home/jetson/mydog_ros2_ws/build/mydog_policy/prefix_override:/usr/lib/python3/dist-packages/colcon_core/task/python/colcon_distutils_commands:/home/jetson/mydog_ros2_ws/install/mydog_policy/lib/python3.10/site-packages:${PYTHONPATH} /usr/bin/python3 -W ignore:setup.py install is deprecated -W ignore:easy_install command is deprecated setup.py develop --editable --build-directory /home/jetson/mydog_ros2_ws/build/mydog_policy/build --no-deps symlink_data
[1.983s] running develop
[2.395s] running egg_info
[2.395s] creating mydog_policy.egg-info
[2.396s] writing mydog_policy.egg-info/PKG-INFO
[2.397s] writing dependency_links to mydog_policy.egg-info/dependency_links.txt
[2.397s] writing entry points to mydog_policy.egg-info/entry_points.txt
[2.398s] writing requirements to mydog_policy.egg-info/requires.txt
[2.398s] writing top-level names to mydog_policy.egg-info/top_level.txt
[2.398s] writing manifest file 'mydog_policy.egg-info/SOURCES.txt'
[2.406s] reading manifest file 'mydog_policy.egg-info/SOURCES.txt'
[2.408s] writing manifest file 'mydog_policy.egg-info/SOURCES.txt'
[2.411s] running build_ext
[2.412s] Creating /home/jetson/mydog_ros2_ws/install/mydog_policy/lib/python3.10/site-packages/mydog-policy.egg-link (link to .)
[2.414s] Installing fanfan_cpg_vmc_v4_migration_node script to /home/jetson/mydog_ros2_ws/install/mydog_policy/lib/mydog_policy
[2.414s] Installing fanfan_cpg_vmc_v4_node script to /home/jetson/mydog_ros2_ws/install/mydog_policy/lib/mydog_policy
[2.414s] Installing fanfan_ik_gait_node script to /home/jetson/mydog_ros2_ws/install/mydog_policy/lib/mydog_policy
[2.415s] Installing fanfan_step_in_place_node script to /home/jetson/mydog_ros2_ws/install/mydog_policy/lib/mydog_policy
[2.415s] Installing mydog_check_5100_start_pose script to /home/jetson/mydog_ros2_ws/install/mydog_policy/lib/mydog_policy
[2.416s] Installing mydog_check_force_coord_start_pose script to /home/jetson/mydog_ros2_ws/install/mydog_policy/lib/mydog_policy
[2.416s] Installing mydog_clearance_robust_command script to /home/jetson/mydog_ros2_ws/install/mydog_policy/lib/mydog_policy
[2.416s] Installing mydog_clearance_robust_node script to /home/jetson/mydog_ros2_ws/install/mydog_policy/lib/mydog_policy
[2.417s] Installing mydog_force_coord_node script to /home/jetson/mydog_ros2_ws/install/mydog_policy/lib/mydog_policy
[2.417s] Installing mydog_joint_semantic_test_node script to /home/jetson/mydog_ros2_ws/install/mydog_policy/lib/mydog_policy
[2.417s] Installing mydog_omni_fast_command script to /home/jetson/mydog_ros2_ws/install/mydog_policy/lib/mydog_policy
[2.418s] Installing mydog_omni_yaw_clean_command script to /home/jetson/mydog_ros2_ws/install/mydog_policy/lib/mydog_policy
[2.418s] Installing mydog_openloop_gait_node script to /home/jetson/mydog_ros2_ws/install/mydog_policy/lib/mydog_policy
[2.418s] Installing mydog_policy_node script to /home/jetson/mydog_ros2_ws/install/mydog_policy/lib/mydog_policy
[2.419s] Installing mydog_policy_parity_node script to /home/jetson/mydog_ros2_ws/install/mydog_policy/lib/mydog_policy
[2.419s] Installing mydog_soft_body_gait_node script to /home/jetson/mydog_ros2_ws/install/mydog_policy/lib/mydog_policy
[2.419s] Installing mydog_state_estimator_node script to /home/jetson/mydog_ros2_ws/install/mydog_policy/lib/mydog_policy
[2.420s] Installing mydog_symmetric_transition_command script to /home/jetson/mydog_ros2_ws/install/mydog_policy/lib/mydog_policy
[2.420s] Installing mydog_symmetric_transition_node script to /home/jetson/mydog_ros2_ws/install/mydog_policy/lib/mydog_policy
[2.420s] Installing mydog_validate_clearance_robust_model script to /home/jetson/mydog_ros2_ws/install/mydog_policy/lib/mydog_policy
[2.421s] Installing mydog_validate_force_coord_model script to /home/jetson/mydog_ros2_ws/install/mydog_policy/lib/mydog_policy
[2.421s] Installing mydog_validate_omni_fast script to /home/jetson/mydog_ros2_ws/install/mydog_policy/lib/mydog_policy
[2.422s] Installing mydog_validate_omni_yaw_clean script to /home/jetson/mydog_ros2_ws/install/mydog_policy/lib/mydog_policy
[2.422s] Installing mydog_validate_symmetric_transition_model script to /home/jetson/mydog_ros2_ws/install/mydog_policy/lib/mydog_policy
[2.422s] 
[2.423s] Installed /home/jetson/mydog_ros2_ws/build/mydog_policy
[2.423s] running symlink_data
[2.423s] creating /home/jetson/mydog_ros2_ws/install/mydog_policy/share/ament_index
[2.423s] creating /home/jetson/mydog_ros2_ws/install/mydog_policy/share/ament_index/resource_index
[2.424s] creating /home/jetson/mydog_ros2_ws/install/mydog_policy/share/ament_index/resource_index/packages
[2.424s] symbolically linking /home/jetson/mydog_ros2_ws/build/mydog_policy/resource/mydog_policy -> /home/jetson/mydog_ros2_ws/install/mydog_policy/share/ament_index/resource_index/packages
[2.424s] symbolically linking /home/jetson/mydog_ros2_ws/build/mydog_policy/package.xml -> /home/jetson/mydog_ros2_ws/install/mydog_policy/share/mydog_policy
[2.424s] creating /home/jetson/mydog_ros2_ws/install/mydog_policy/share/mydog_policy/launch
[2.425s] symbolically linking /home/jetson/mydog_ros2_ws/build/mydog_policy/launch/sim2real_omni.launch.py -> /home/jetson/mydog_ros2_ws/install/mydog_policy/share/mydog_policy/launch
[2.425s] symbolically linking /home/jetson/mydog_ros2_ws/build/mydog_policy/launch/sim2real_symmetric_transition_5530.launch.py -> /home/jetson/mydog_ros2_ws/install/mydog_policy/share/mydog_policy/launch
[2.425s] symbolically linking /home/jetson/mydog_ros2_ws/build/mydog_policy/launch/openloop_collect.launch.py -> /home/jetson/mydog_ros2_ws/install/mydog_policy/share/mydog_policy/launch
[2.425s] symbolically linking /home/jetson/mydog_ros2_ws/build/mydog_policy/launch/sim2real_omni_fast.launch.py -> /home/jetson/mydog_ros2_ws/install/mydog_policy/share/mydog_policy/launch
[2.426s] symbolically linking /home/jetson/mydog_ros2_ws/build/mydog_policy/launch/fanfan_ik_gait.launch.py -> /home/jetson/mydog_ros2_ws/install/mydog_policy/share/mydog_policy/launch
[2.426s] symbolically linking /home/jetson/mydog_ros2_ws/build/mydog_policy/launch/sim2real_clearance_robust_5730.launch.py -> /home/jetson/mydog_ros2_ws/install/mydog_policy/share/mydog_policy/launch
[2.426s] symbolically linking /home/jetson/mydog_ros2_ws/build/mydog_policy/launch/sim2real.launch.py -> /home/jetson/mydog_ros2_ws/install/mydog_policy/share/mydog_policy/launch
[2.426s] symbolically linking /home/jetson/mydog_ros2_ws/build/mydog_policy/launch/policy_walk.launch.py -> /home/jetson/mydog_ros2_ws/install/mydog_policy/share/mydog_policy/launch
[2.427s] symbolically linking /home/jetson/mydog_ros2_ws/build/mydog_policy/launch/sim2real_omni_parity.launch.py -> /home/jetson/mydog_ros2_ws/install/mydog_policy/share/mydog_policy/launch
[2.427s] symbolically linking /home/jetson/mydog_ros2_ws/build/mydog_policy/launch/fanfan_step_in_place.launch.py -> /home/jetson/mydog_ros2_ws/install/mydog_policy/share/mydog_policy/launch
[2.427s] symbolically linking /home/jetson/mydog_ros2_ws/build/mydog_policy/launch/sim2real_force_coord_5280.launch.py -> /home/jetson/mydog_ros2_ws/install/mydog_policy/share/mydog_policy/launch
[2.427s] symbolically linking /home/jetson/mydog_ros2_ws/build/mydog_policy/launch/soft_body_openloop.launch.py -> /home/jetson/mydog_ros2_ws/install/mydog_policy/share/mydog_policy/launch
[2.428s] creating /home/jetson/mydog_ros2_ws/install/mydog_policy/share/mydog_policy/models
[2.428s] symbolically linking /home/jetson/mydog_ros2_ws/build/mydog_policy/resource/fanfan_clearance_robust_5730.onnx -> /home/jetson/mydog_ros2_ws/install/mydog_policy/share/mydog_policy/models
[2.428s] symbolically linking /home/jetson/mydog_ros2_ws/build/mydog_policy/resource/fanfan_clearance_robust_5730.json -> /home/jetson/mydog_ros2_ws/install/mydog_policy/share/mydog_policy/models
[2.506s] Invoked command in '/home/jetson/mydog_ros2_ws/build/mydog_policy' returned '0': PYTHONPATH=/home/jetson/mydog_ros2_ws/build/mydog_policy/prefix_override:/usr/lib/python3/dist-packages/colcon_core/task/python/colcon_distutils_commands:/home/jetson/mydog_ros2_ws/install/mydog_policy/lib/python3.10/site-packages:${PYTHONPATH} /usr/bin/python3 -W ignore:setup.py install is deprecated -W ignore:easy_install command is deprecated setup.py develop --editable --build-directory /home/jetson/mydog_ros2_ws/build/mydog_policy/build --no-deps symlink_data
