[1.260s] Invoking command in '/home/jetson/mydog_ros2_ws/build/mydog_policy': PYTHONPATH=/home/jetson/mydog_ros2_ws/build/mydog_policy/prefix_override:/usr/lib/python3/dist-packages/colcon_core/task/python/colcon_distutils_commands:/home/jetson/mydog_ros2_ws/install/mydog_policy/lib/python3.10/site-packages:${PYTHONPATH} /usr/bin/python3 -W ignore:setup.py install is deprecated -W ignore:easy_install command is deprecated setup.py develop --editable --build-directory /home/jetson/mydog_ros2_ws/build/mydog_policy/build --no-deps symlink_data
[1.773s] running develop
[2.168s] running egg_info
[2.168s] writing mydog_policy.egg-info/PKG-INFO
[2.169s] writing dependency_links to mydog_policy.egg-info/dependency_links.txt
[2.169s] writing entry points to mydog_policy.egg-info/entry_points.txt
[2.169s] writing requirements to mydog_policy.egg-info/requires.txt
[2.170s] writing top-level names to mydog_policy.egg-info/top_level.txt
[2.174s] reading manifest file 'mydog_policy.egg-info/SOURCES.txt'
[2.177s] writing manifest file 'mydog_policy.egg-info/SOURCES.txt'
[2.180s] running build_ext
[2.180s] Creating /home/jetson/mydog_ros2_ws/install/mydog_policy/lib/python3.10/site-packages/mydog-policy.egg-link (link to .)
[2.182s] Installing fanfan_cpg_vmc_v4_migration_node script to /home/jetson/mydog_ros2_ws/install/mydog_policy/lib/mydog_policy
[2.182s] Installing fanfan_cpg_vmc_v4_node script to /home/jetson/mydog_ros2_ws/install/mydog_policy/lib/mydog_policy
[2.182s] Installing fanfan_ik_gait_node script to /home/jetson/mydog_ros2_ws/install/mydog_policy/lib/mydog_policy
[2.183s] Installing fanfan_step_in_place_node script to /home/jetson/mydog_ros2_ws/install/mydog_policy/lib/mydog_policy
[2.183s] Installing mydog_check_5100_start_pose script to /home/jetson/mydog_ros2_ws/install/mydog_policy/lib/mydog_policy
[2.183s] Installing mydog_check_force_coord_start_pose script to /home/jetson/mydog_ros2_ws/install/mydog_policy/lib/mydog_policy
[2.183s] Installing mydog_clearance_robust_command script to /home/jetson/mydog_ros2_ws/install/mydog_policy/lib/mydog_policy
[2.183s] Installing mydog_clearance_robust_node script to /home/jetson/mydog_ros2_ws/install/mydog_policy/lib/mydog_policy
[2.183s] Installing mydog_force_coord_node script to /home/jetson/mydog_ros2_ws/install/mydog_policy/lib/mydog_policy
[2.184s] Installing mydog_joint_semantic_test_node script to /home/jetson/mydog_ros2_ws/install/mydog_policy/lib/mydog_policy
[2.184s] Installing mydog_omni_fast_command script to /home/jetson/mydog_ros2_ws/install/mydog_policy/lib/mydog_policy
[2.184s] Installing mydog_omni_yaw_clean_command script to /home/jetson/mydog_ros2_ws/install/mydog_policy/lib/mydog_policy
[2.184s] Installing mydog_openloop_gait_node script to /home/jetson/mydog_ros2_ws/install/mydog_policy/lib/mydog_policy
[2.185s] Installing mydog_policy_node script to /home/jetson/mydog_ros2_ws/install/mydog_policy/lib/mydog_policy
[2.185s] Installing mydog_policy_parity_node script to /home/jetson/mydog_ros2_ws/install/mydog_policy/lib/mydog_policy
[2.185s] Installing mydog_soft_body_gait_node script to /home/jetson/mydog_ros2_ws/install/mydog_policy/lib/mydog_policy
[2.185s] Installing mydog_state_estimator_node script to /home/jetson/mydog_ros2_ws/install/mydog_policy/lib/mydog_policy
[2.185s] Installing mydog_symmetric_transition_command script to /home/jetson/mydog_ros2_ws/install/mydog_policy/lib/mydog_policy
[2.186s] Installing mydog_symmetric_transition_node script to /home/jetson/mydog_ros2_ws/install/mydog_policy/lib/mydog_policy
[2.186s] Installing mydog_validate_clearance_robust_model script to /home/jetson/mydog_ros2_ws/install/mydog_policy/lib/mydog_policy
[2.186s] Installing mydog_validate_force_coord_model script to /home/jetson/mydog_ros2_ws/install/mydog_policy/lib/mydog_policy
[2.186s] Installing mydog_validate_omni_fast script to /home/jetson/mydog_ros2_ws/install/mydog_policy/lib/mydog_policy
[2.186s] Installing mydog_validate_omni_yaw_clean script to /home/jetson/mydog_ros2_ws/install/mydog_policy/lib/mydog_policy
[2.186s] Installing mydog_validate_symmetric_transition_model script to /home/jetson/mydog_ros2_ws/install/mydog_policy/lib/mydog_policy
[2.187s] 
[2.187s] Installed /home/jetson/mydog_ros2_ws/build/mydog_policy
[2.187s] running symlink_data
[2.272s] Invoked command in '/home/jetson/mydog_ros2_ws/build/mydog_policy' returned '0': PYTHONPATH=/home/jetson/mydog_ros2_ws/build/mydog_policy/prefix_override:/usr/lib/python3/dist-packages/colcon_core/task/python/colcon_distutils_commands:/home/jetson/mydog_ros2_ws/install/mydog_policy/lib/python3.10/site-packages:${PYTHONPATH} /usr/bin/python3 -W ignore:setup.py install is deprecated -W ignore:easy_install command is deprecated setup.py develop --editable --build-directory /home/jetson/mydog_ros2_ws/build/mydog_policy/build --no-deps symlink_data
