running develop
running egg_info
writing mydog_policy.egg-info/PKG-INFO
writing dependency_links to mydog_policy.egg-info/dependency_links.txt
writing entry points to mydog_policy.egg-info/entry_points.txt
writing requirements to mydog_policy.egg-info/requires.txt
writing top-level names to mydog_policy.egg-info/top_level.txt
reading manifest file 'mydog_policy.egg-info/SOURCES.txt'
writing manifest file 'mydog_policy.egg-info/SOURCES.txt'
running build_ext
Creating /home/jetson/mydog_ros2_ws/install/mydog_policy/lib/python3.10/site-packages/mydog-policy.egg-link (link to .)
Installing fanfan_cpg_vmc_v4_migration_node script to /home/jetson/mydog_ros2_ws/install/mydog_policy/lib/mydog_policy
Installing fanfan_cpg_vmc_v4_node script to /home/jetson/mydog_ros2_ws/install/mydog_policy/lib/mydog_policy
Installing fanfan_ik_gait_node script to /home/jetson/mydog_ros2_ws/install/mydog_policy/lib/mydog_policy
Installing fanfan_step_in_place_node script to /home/jetson/mydog_ros2_ws/install/mydog_policy/lib/mydog_policy
Installing mydog_check_5100_start_pose script to /home/jetson/mydog_ros2_ws/install/mydog_policy/lib/mydog_policy
Installing mydog_check_force_coord_start_pose script to /home/jetson/mydog_ros2_ws/install/mydog_policy/lib/mydog_policy
Installing mydog_clearance_robust_command script to /home/jetson/mydog_ros2_ws/install/mydog_policy/lib/mydog_policy
Installing mydog_clearance_robust_node script to /home/jetson/mydog_ros2_ws/install/mydog_policy/lib/mydog_policy
Installing mydog_force_coord_node script to /home/jetson/mydog_ros2_ws/install/mydog_policy/lib/mydog_policy
Installing mydog_joint_semantic_test_node script to /home/jetson/mydog_ros2_ws/install/mydog_policy/lib/mydog_policy
Installing mydog_omni_fast_command script to /home/jetson/mydog_ros2_ws/install/mydog_policy/lib/mydog_policy
Installing mydog_omni_yaw_clean_command script to /home/jetson/mydog_ros2_ws/install/mydog_policy/lib/mydog_policy
Installing mydog_openloop_gait_node script to /home/jetson/mydog_ros2_ws/install/mydog_policy/lib/mydog_policy
Installing mydog_policy_node script to /home/jetson/mydog_ros2_ws/install/mydog_policy/lib/mydog_policy
Installing mydog_policy_parity_node script to /home/jetson/mydog_ros2_ws/install/mydog_policy/lib/mydog_policy
Installing mydog_soft_body_gait_node script to /home/jetson/mydog_ros2_ws/install/mydog_policy/lib/mydog_policy
Installing mydog_state_estimator_node script to /home/jetson/mydog_ros2_ws/install/mydog_policy/lib/mydog_policy
Installing mydog_symmetric_transition_command script to /home/jetson/mydog_ros2_ws/install/mydog_policy/lib/mydog_policy
Installing mydog_symmetric_transition_node script to /home/jetson/mydog_ros2_ws/install/mydog_policy/lib/mydog_policy
Installing mydog_validate_clearance_robust_model script to /home/jetson/mydog_ros2_ws/install/mydog_policy/lib/mydog_policy
Installing mydog_validate_force_coord_model script to /home/jetson/mydog_ros2_ws/install/mydog_policy/lib/mydog_policy
Installing mydog_validate_omni_fast script to /home/jetson/mydog_ros2_ws/install/mydog_policy/lib/mydog_policy
Installing mydog_validate_omni_yaw_clean script to /home/jetson/mydog_ros2_ws/install/mydog_policy/lib/mydog_policy
Installing mydog_validate_symmetric_transition_model script to /home/jetson/mydog_ros2_ws/install/mydog_policy/lib/mydog_policy

Installed /home/jetson/mydog_ros2_ws/build/mydog_policy
running symlink_data
