[1.268s] Invoking command in '/home/jetson/mydog_ros2_ws/build/mydog_policy': PYTHONPATH=/home/jetson/mydog_ros2_ws/build/mydog_policy/prefix_override:/usr/lib/python3/dist-packages/colcon_core/task/python/colcon_distutils_commands:/home/jetson/mydog_ros2_ws/install/mydog_policy/lib/python3.10/site-packages:${PYTHONPATH} /usr/bin/python3 -W ignore:setup.py install is deprecated -W ignore:easy_install command is deprecated setup.py develop --editable --build-directory /home/jetson/mydog_ros2_ws/build/mydog_policy/build --no-deps symlink_data
[1.775s] running develop
[2.174s] running egg_info
[2.175s] writing mydog_policy.egg-info/PKG-INFO
[2.175s] writing dependency_links to mydog_policy.egg-info/dependency_links.txt
[2.176s] writing entry points to mydog_policy.egg-info/entry_points.txt
[2.176s] writing requirements to mydog_policy.egg-info/requires.txt
[2.176s] writing top-level names to mydog_policy.egg-info/top_level.txt
[2.180s] reading manifest file 'mydog_policy.egg-info/SOURCES.txt'
[2.182s] writing manifest file 'mydog_policy.egg-info/SOURCES.txt'
[2.185s] running build_ext
[2.185s] Creating /home/jetson/mydog_ros2_ws/install/mydog_policy/lib/python3.10/site-packages/mydog-policy.egg-link (link to .)
[2.187s] Installing fanfan_cpg_vmc_v4_migration_node script to /home/jetson/mydog_ros2_ws/install/mydog_policy/lib/mydog_policy
[2.187s] Installing fanfan_cpg_vmc_v4_node script to /home/jetson/mydog_ros2_ws/install/mydog_policy/lib/mydog_policy
[2.188s] Installing fanfan_ik_gait_node script to /home/jetson/mydog_ros2_ws/install/mydog_policy/lib/mydog_policy
[2.188s] Installing fanfan_step_in_place_node script to /home/jetson/mydog_ros2_ws/install/mydog_policy/lib/mydog_policy
[2.188s] Installing mydog_joint_semantic_test_node script to /home/jetson/mydog_ros2_ws/install/mydog_policy/lib/mydog_policy
[2.189s] Installing mydog_openloop_gait_node script to /home/jetson/mydog_ros2_ws/install/mydog_policy/lib/mydog_policy
[2.189s] Installing mydog_policy_node script to /home/jetson/mydog_ros2_ws/install/mydog_policy/lib/mydog_policy
[2.189s] Installing mydog_soft_body_gait_node script to /home/jetson/mydog_ros2_ws/install/mydog_policy/lib/mydog_policy
[2.190s] Installing mydog_state_estimator_node script to /home/jetson/mydog_ros2_ws/install/mydog_policy/lib/mydog_policy
[2.190s] 
[2.190s] Installed /home/jetson/mydog_ros2_ws/build/mydog_policy
[2.190s] running symlink_data
[2.272s] Invoked command in '/home/jetson/mydog_ros2_ws/build/mydog_policy' returned '0': PYTHONPATH=/home/jetson/mydog_ros2_ws/build/mydog_policy/prefix_override:/usr/lib/python3/dist-packages/colcon_core/task/python/colcon_distutils_commands:/home/jetson/mydog_ros2_ws/install/mydog_policy/lib/python3.10/site-packages:${PYTHONPATH} /usr/bin/python3 -W ignore:setup.py install is deprecated -W ignore:easy_install command is deprecated setup.py develop --editable --build-directory /home/jetson/mydog_ros2_ws/build/mydog_policy/build --no-deps symlink_data
